{"F:\\my dwnld\\nodejs-master-class-mosh-hamedani\\practicals\\108 8.7-Project\\8.7- Project\\before\\vidly\\index.js": {"path":"F:\\my dwnld\\nodejs-master-class-mosh-hamedani\\practicals\\108 8.7-Project\\8.7- Project\\before\\vidly\\index.js","statementMap":{"0":{"start":{"line":2,"column":16},"end":{"line":2,"column":34}},"1":{"start":{"line":3,"column":12},"end":{"line":3,"column":21}},"2":{"start":{"line":4,"column":16},"end":{"line":4,"column":34}},"3":{"start":{"line":6,"column":0},"end":{"line":6,"column":31}},"4":{"start":{"line":7,"column":0},"end":{"line":7,"column":33}},"5":{"start":{"line":8,"column":0},"end":{"line":8,"column":26}},"6":{"start":{"line":9,"column":0},"end":{"line":9,"column":30}},"7":{"start":{"line":10,"column":0},"end":{"line":10,"column":34}},"8":{"start":{"line":13,"column":13},"end":{"line":13,"column":37}},"9":{"start":{"line":14,"column":15},"end":{"line":14,"column":83}},"10":{"start":{"line":14,"column":38},"end":{"line":14,"column":82}},"11":{"start":{"line":16,"column":0},"end":{"line":16,"column":24}}},"fnMap":{"0":{"name":"(anonymous_0)","decl":{"start":{"line":14,"column":32},"end":{"line":14,"column":33}},"loc":{"start":{"line":14,"column":38},"end":{"line":14,"column":82}},"line":14}},"branchMap":{"0":{"loc":{"start":{"line":13,"column":13},"end":{"line":13,"column":37}},"type":"binary-expr","locations":[{"start":{"line":13,"column":13},"end":{"line":13,"column":29}},{"start":{"line":13,"column":33},"end":{"line":13,"column":37}}],"line":13}},"s":{"0":2,"1":2,"2":2,"3":2,"4":2,"5":2,"6":2,"7":2,"8":2,"9":2,"10":2,"11":2},"f":{"0":2},"b":{"0":[2,2]},"_coverageSchema":"332fd63041d2c1bcb487cc26dd0d5f7d97098a6c","hash":"7e59f79a44ced8d3def2c8069a80948ae721da7f"}
,"F:\\my dwnld\\nodejs-master-class-mosh-hamedani\\practicals\\108 8.7-Project\\8.7- Project\\before\\vidly\\middlewares\\admin-auth.js": {"path":"F:\\my dwnld\\nodejs-master-class-mosh-hamedani\\practicals\\108 8.7-Project\\8.7- Project\\before\\vidly\\middlewares\\admin-auth.js","statementMap":{"0":{"start":{"line":3,"column":0},"end":{"line":7,"column":1}},"1":{"start":{"line":4,"column":4},"end":{"line":4,"column":25}},"2":{"start":{"line":5,"column":4},"end":{"line":5,"column":73}},"3":{"start":{"line":5,"column":27},"end":{"line":5,"column":73}},"4":{"start":{"line":6,"column":4},"end":{"line":6,"column":11}}},"fnMap":{"0":{"name":"(anonymous_0)","decl":{"start":{"line":3,"column":17},"end":{"line":3,"column":18}},"loc":{"start":{"line":3,"column":37},"end":{"line":7,"column":1}},"line":3}},"branchMap":{"0":{"loc":{"start":{"line":5,"column":4},"end":{"line":5,"column":73}},"type":"if","locations":[{"start":{"line":5,"column":4},"end":{"line":5,"column":73}},{"start":{"line":5,"column":4},"end":{"line":5,"column":73}}],"line":5}},"s":{"0":2,"1":0,"2":0,"3":0,"4":0},"f":{"0":0},"b":{"0":[0,0]},"_coverageSchema":"332fd63041d2c1bcb487cc26dd0d5f7d97098a6c","hash":"9d5200c9abe377547890ef99b41c3dfc662a5dad"}
,"F:\\my dwnld\\nodejs-master-class-mosh-hamedani\\practicals\\108 8.7-Project\\8.7- Project\\before\\vidly\\middlewares\\async-handler.js": {"path":"F:\\my dwnld\\nodejs-master-class-mosh-hamedani\\practicals\\108 8.7-Project\\8.7- Project\\before\\vidly\\middlewares\\async-handler.js","statementMap":{"0":{"start":{"line":2,"column":0},"end":{"line":10,"column":1}},"1":{"start":{"line":3,"column":4},"end":{"line":9,"column":5}},"2":{"start":{"line":4,"column":8},"end":{"line":8,"column":9}},"3":{"start":{"line":5,"column":12},"end":{"line":5,"column":36}},"4":{"start":{"line":7,"column":12},"end":{"line":7,"column":21}}},"fnMap":{"0":{"name":"(anonymous_0)","decl":{"start":{"line":2,"column":17},"end":{"line":2,"column":18}},"loc":{"start":{"line":2,"column":30},"end":{"line":10,"column":1}},"line":2},"1":{"name":"(anonymous_1)","decl":{"start":{"line":3,"column":11},"end":{"line":3,"column":12}},"loc":{"start":{"line":3,"column":37},"end":{"line":9,"column":5}},"line":3}},"branchMap":{},"s":{"0":2,"1":0,"2":0,"3":0,"4":0},"f":{"0":0,"1":0},"b":{},"_coverageSchema":"332fd63041d2c1bcb487cc26dd0d5f7d97098a6c","hash":"b58b1fa40ea50172f82043306f07fe7110469a77"}
,"F:\\my dwnld\\nodejs-master-class-mosh-hamedani\\practicals\\108 8.7-Project\\8.7- Project\\before\\vidly\\middlewares\\error-handler.js": {"path":"F:\\my dwnld\\nodejs-master-class-mosh-hamedani\\practicals\\108 8.7-Project\\8.7- Project\\before\\vidly\\middlewares\\error-handler.js","statementMap":{"0":{"start":{"line":1,"column":16},"end":{"line":1,"column":34}},"1":{"start":{"line":3,"column":0},"end":{"line":7,"column":1}},"2":{"start":{"line":5,"column":4},"end":{"line":5,"column":31}},"3":{"start":{"line":6,"column":4},"end":{"line":6,"column":46}}},"fnMap":{"0":{"name":"(anonymous_0)","decl":{"start":{"line":3,"column":17},"end":{"line":3,"column":18}},"loc":{"start":{"line":3,"column":42},"end":{"line":7,"column":1}},"line":3}},"branchMap":{},"s":{"0":2,"1":2,"2":0,"3":0},"f":{"0":0},"b":{},"_coverageSchema":"332fd63041d2c1bcb487cc26dd0d5f7d97098a6c","hash":"b483958d496663196a9ac3891febccf4c53cd93d"}
,"F:\\my dwnld\\nodejs-master-class-mosh-hamedani\\practicals\\108 8.7-Project\\8.7- Project\\before\\vidly\\middlewares\\user-auth.js": {"path":"F:\\my dwnld\\nodejs-master-class-mosh-hamedani\\practicals\\108 8.7-Project\\8.7- Project\\before\\vidly\\middlewares\\user-auth.js","statementMap":{"0":{"start":{"line":1,"column":12},"end":{"line":1,"column":35}},"1":{"start":{"line":2,"column":15},"end":{"line":2,"column":32}},"2":{"start":{"line":4,"column":0},"end":{"line":17,"column":1}},"3":{"start":{"line":5,"column":18},"end":{"line":5,"column":44}},"4":{"start":{"line":6,"column":4},"end":{"line":6,"column":81}},"5":{"start":{"line":6,"column":16},"end":{"line":6,"column":81}},"6":{"start":{"line":8,"column":4},"end":{"line":14,"column":5}},"7":{"start":{"line":9,"column":24},"end":{"line":9,"column":70}},"8":{"start":{"line":10,"column":8},"end":{"line":10,"column":27}},"9":{"start":{"line":11,"column":8},"end":{"line":11,"column":15}},"10":{"start":{"line":13,"column":8},"end":{"line":13,"column":47}}},"fnMap":{"0":{"name":"(anonymous_0)","decl":{"start":{"line":4,"column":17},"end":{"line":4,"column":18}},"loc":{"start":{"line":4,"column":37},"end":{"line":17,"column":1}},"line":4}},"branchMap":{"0":{"loc":{"start":{"line":6,"column":4},"end":{"line":6,"column":81}},"type":"if","locations":[{"start":{"line":6,"column":4},"end":{"line":6,"column":81}},{"start":{"line":6,"column":4},"end":{"line":6,"column":81}}],"line":6}},"s":{"0":3,"1":3,"2":3,"3":8,"4":8,"5":2,"6":6,"7":6,"8":5,"9":5,"10":1},"f":{"0":8},"b":{"0":[2,6]},"_coverageSchema":"332fd63041d2c1bcb487cc26dd0d5f7d97098a6c","hash":"cb9071b1b5018565fccc85fd5b1c5e90976120e8"}
,"F:\\my dwnld\\nodejs-master-class-mosh-hamedani\\practicals\\108 8.7-Project\\8.7- Project\\before\\vidly\\middlewares\\validateObjectId.js": {"path":"F:\\my dwnld\\nodejs-master-class-mosh-hamedani\\practicals\\108 8.7-Project\\8.7- Project\\before\\vidly\\middlewares\\validateObjectId.js","statementMap":{"0":{"start":{"line":1,"column":17},"end":{"line":1,"column":36}},"1":{"start":{"line":3,"column":0},"end":{"line":8,"column":1}},"2":{"start":{"line":4,"column":4},"end":{"line":6,"column":5}},"3":{"start":{"line":5,"column":8},"end":{"line":5,"column":50}},"4":{"start":{"line":7,"column":4},"end":{"line":7,"column":11}}},"fnMap":{"0":{"name":"(anonymous_0)","decl":{"start":{"line":3,"column":17},"end":{"line":3,"column":18}},"loc":{"start":{"line":3,"column":43},"end":{"line":8,"column":1}},"line":3}},"branchMap":{"0":{"loc":{"start":{"line":4,"column":4},"end":{"line":6,"column":5}},"type":"if","locations":[{"start":{"line":4,"column":4},"end":{"line":6,"column":5}},{"start":{"line":4,"column":4},"end":{"line":6,"column":5}}],"line":4}},"s":{"0":2,"1":2,"2":2,"3":1,"4":1},"f":{"0":2},"b":{"0":[1,1]},"_coverageSchema":"332fd63041d2c1bcb487cc26dd0d5f7d97098a6c","hash":"2ecd51290acb41f095701dc09fb708d6632aa359"}
,"F:\\my dwnld\\nodejs-master-class-mosh-hamedani\\practicals\\108 8.7-Project\\8.7- Project\\before\\vidly\\models\\customer.js": {"path":"F:\\my dwnld\\nodejs-master-class-mosh-hamedani\\practicals\\108 8.7-Project\\8.7- Project\\before\\vidly\\models\\customer.js","statementMap":{"0":{"start":{"line":1,"column":17},"end":{"line":1,"column":36}},"1":{"start":{"line":2,"column":12},"end":{"line":2,"column":26}},"2":{"start":{"line":4,"column":23},"end":{"line":23,"column":2}},"3":{"start":{"line":25,"column":17},"end":{"line":25,"column":59}},"4":{"start":{"line":28,"column":19},"end":{"line":32,"column":5}},"5":{"start":{"line":34,"column":4},"end":{"line":34,"column":42}},"6":{"start":{"line":37,"column":0},"end":{"line":37,"column":28}},"7":{"start":{"line":38,"column":0},"end":{"line":38,"column":28}}},"fnMap":{"0":{"name":"validate","decl":{"start":{"line":27,"column":9},"end":{"line":27,"column":17}},"loc":{"start":{"line":27,"column":28},"end":{"line":35,"column":1}},"line":27}},"branchMap":{},"s":{"0":2,"1":2,"2":2,"3":2,"4":0,"5":0,"6":2,"7":2},"f":{"0":0},"b":{},"_coverageSchema":"332fd63041d2c1bcb487cc26dd0d5f7d97098a6c","hash":"364c77ad13183e192b2f4d8d757eefdcdae32aa5"}
,"F:\\my dwnld\\nodejs-master-class-mosh-hamedani\\practicals\\108 8.7-Project\\8.7- Project\\before\\vidly\\models\\genres.js": {"path":"F:\\my dwnld\\nodejs-master-class-mosh-hamedani\\practicals\\108 8.7-Project\\8.7- Project\\before\\vidly\\models\\genres.js","statementMap":{"0":{"start":{"line":1,"column":12},"end":{"line":1,"column":26}},"1":{"start":{"line":2,"column":17},"end":{"line":2,"column":36}},"2":{"start":{"line":4,"column":20},"end":{"line":12,"column":4}},"3":{"start":{"line":14,"column":16},"end":{"line":14,"column":52}},"4":{"start":{"line":17,"column":19},"end":{"line":19,"column":5}},"5":{"start":{"line":21,"column":4},"end":{"line":21,"column":39}},"6":{"start":{"line":24,"column":2},"end":{"line":24,"column":35}},"7":{"start":{"line":25,"column":2},"end":{"line":25,"column":24}},"8":{"start":{"line":26,"column":2},"end":{"line":26,"column":36}}},"fnMap":{"0":{"name":"validateGenre","decl":{"start":{"line":16,"column":11},"end":{"line":16,"column":24}},"loc":{"start":{"line":16,"column":32},"end":{"line":22,"column":3}},"line":16}},"branchMap":{},"s":{"0":2,"1":2,"2":2,"3":2,"4":4,"5":4,"6":2,"7":2,"8":2},"f":{"0":4},"b":{},"_coverageSchema":"332fd63041d2c1bcb487cc26dd0d5f7d97098a6c","hash":"c41a9f789733dd2fcbe74923b40227653870c8df"}
,"F:\\my dwnld\\nodejs-master-class-mosh-hamedani\\practicals\\108 8.7-Project\\8.7- Project\\before\\vidly\\models\\movies.js": {"path":"F:\\my dwnld\\nodejs-master-class-mosh-hamedani\\practicals\\108 8.7-Project\\8.7- Project\\before\\vidly\\models\\movies.js","statementMap":{"0":{"start":{"line":1,"column":12},"end":{"line":1,"column":26}},"1":{"start":{"line":2,"column":17},"end":{"line":2,"column":36}},"2":{"start":{"line":3,"column":24},"end":{"line":3,"column":43}},"3":{"start":{"line":5,"column":20},"end":{"line":29,"column":2}},"4":{"start":{"line":31,"column":14},"end":{"line":31,"column":50}},"5":{"start":{"line":34,"column":19},"end":{"line":39,"column":5}},"6":{"start":{"line":41,"column":4},"end":{"line":41,"column":39}},"7":{"start":{"line":44,"column":0},"end":{"line":44,"column":33}},"8":{"start":{"line":45,"column":0},"end":{"line":45,"column":22}}},"fnMap":{"0":{"name":"validateMovie","decl":{"start":{"line":33,"column":9},"end":{"line":33,"column":22}},"loc":{"start":{"line":33,"column":30},"end":{"line":42,"column":1}},"line":33}},"branchMap":{},"s":{"0":2,"1":2,"2":2,"3":2,"4":2,"5":0,"6":0,"7":2,"8":2},"f":{"0":0},"b":{},"_coverageSchema":"332fd63041d2c1bcb487cc26dd0d5f7d97098a6c","hash":"387b37d8ffc9193f5edbaf1f0b38790baf7a8b6d"}
,"F:\\my dwnld\\nodejs-master-class-mosh-hamedani\\practicals\\108 8.7-Project\\8.7- Project\\before\\vidly\\models\\rentals.js": {"path":"F:\\my dwnld\\nodejs-master-class-mosh-hamedani\\practicals\\108 8.7-Project\\8.7- Project\\before\\vidly\\models\\rentals.js","statementMap":{"0":{"start":{"line":1,"column":12},"end":{"line":1,"column":26}},"1":{"start":{"line":2,"column":17},"end":{"line":2,"column":36}},"2":{"start":{"line":4,"column":21},"end":{"line":59,"column":2}},"3":{"start":{"line":61,"column":15},"end":{"line":61,"column":53}},"4":{"start":{"line":63,"column":23},"end":{"line":70,"column":1}},"5":{"start":{"line":64,"column":19},"end":{"line":67,"column":5}},"6":{"start":{"line":69,"column":4},"end":{"line":69,"column":38}},"7":{"start":{"line":72,"column":0},"end":{"line":72,"column":34}},"8":{"start":{"line":74,"column":0},"end":{"line":74,"column":24}}},"fnMap":{"0":{"name":"(anonymous_0)","decl":{"start":{"line":63,"column":23},"end":{"line":63,"column":24}},"loc":{"start":{"line":63,"column":33},"end":{"line":70,"column":1}},"line":63}},"branchMap":{},"s":{"0":2,"1":2,"2":2,"3":2,"4":2,"5":0,"6":0,"7":2,"8":2},"f":{"0":0},"b":{},"_coverageSchema":"332fd63041d2c1bcb487cc26dd0d5f7d97098a6c","hash":"675219c039396bdbdfb0f7b75b6dbbfd1a9eebb5"}
,"F:\\my dwnld\\nodejs-master-class-mosh-hamedani\\practicals\\108 8.7-Project\\8.7- Project\\before\\vidly\\models\\user.js": {"path":"F:\\my dwnld\\nodejs-master-class-mosh-hamedani\\practicals\\108 8.7-Project\\8.7- Project\\before\\vidly\\models\\user.js","statementMap":{"0":{"start":{"line":1,"column":17},"end":{"line":1,"column":36}},"1":{"start":{"line":2,"column":12},"end":{"line":2,"column":26}},"2":{"start":{"line":3,"column":12},"end":{"line":3,"column":35}},"3":{"start":{"line":4,"column":15},"end":{"line":4,"column":32}},"4":{"start":{"line":6,"column":19},"end":{"line":33,"column":2}},"5":{"start":{"line":35,"column":0},"end":{"line":37,"column":1}},"6":{"start":{"line":36,"column":4},"end":{"line":36,"column":91}},"7":{"start":{"line":39,"column":13},"end":{"line":39,"column":47}},"8":{"start":{"line":41,"column":21},"end":{"line":49,"column":1}},"9":{"start":{"line":42,"column":23},"end":{"line":46,"column":5}},"10":{"start":{"line":48,"column":4},"end":{"line":48,"column":42}},"11":{"start":{"line":51,"column":0},"end":{"line":51,"column":20}},"12":{"start":{"line":53,"column":0},"end":{"line":53,"column":36}}},"fnMap":{"0":{"name":"(anonymous_0)","decl":{"start":{"line":35,"column":34},"end":{"line":35,"column":35}},"loc":{"start":{"line":35,"column":46},"end":{"line":37,"column":1}},"line":35},"1":{"name":"(anonymous_1)","decl":{"start":{"line":41,"column":21},"end":{"line":41,"column":22}},"loc":{"start":{"line":41,"column":31},"end":{"line":49,"column":1}},"line":41}},"branchMap":{},"s":{"0":4,"1":4,"2":4,"3":4,"4":4,"5":4,"6":9,"7":4,"8":4,"9":0,"10":0,"11":4,"12":4},"f":{"0":9,"1":0},"b":{},"_coverageSchema":"332fd63041d2c1bcb487cc26dd0d5f7d97098a6c","hash":"acce279d9263f2a9a58f3e44334ab0a6a60f4731"}
,"F:\\my dwnld\\nodejs-master-class-mosh-hamedani\\practicals\\108 8.7-Project\\8.7- Project\\before\\vidly\\routes\\auth.js": {"path":"F:\\my dwnld\\nodejs-master-class-mosh-hamedani\\practicals\\108 8.7-Project\\8.7- Project\\before\\vidly\\routes\\auth.js","statementMap":{"0":{"start":{"line":1,"column":16},"end":{"line":1,"column":34}},"1":{"start":{"line":2,"column":15},"end":{"line":2,"column":31}},"2":{"start":{"line":3,"column":12},"end":{"line":3,"column":26}},"3":{"start":{"line":4,"column":12},"end":{"line":4,"column":35}},"4":{"start":{"line":5,"column":10},"end":{"line":5,"column":27}},"5":{"start":{"line":6,"column":15},"end":{"line":6,"column":32}},"6":{"start":{"line":7,"column":17},"end":{"line":7,"column":42}},"7":{"start":{"line":8,"column":15},"end":{"line":8,"column":32}},"8":{"start":{"line":11,"column":0},"end":{"line":24,"column":2}},"9":{"start":{"line":12,"column":22},"end":{"line":12,"column":44}},"10":{"start":{"line":13,"column":4},"end":{"line":13,"column":69}},"11":{"start":{"line":13,"column":15},"end":{"line":13,"column":69}},"12":{"start":{"line":15,"column":17},"end":{"line":15,"column":62}},"13":{"start":{"line":16,"column":4},"end":{"line":16,"column":75}},"14":{"start":{"line":16,"column":15},"end":{"line":16,"column":75}},"15":{"start":{"line":18,"column":20},"end":{"line":18,"column":74}},"16":{"start":{"line":19,"column":4},"end":{"line":19,"column":78}},"17":{"start":{"line":19,"column":18},"end":{"line":19,"column":78}},"18":{"start":{"line":21,"column":18},"end":{"line":21,"column":37}},"19":{"start":{"line":22,"column":4},"end":{"line":22,"column":20}},"20":{"start":{"line":26,"column":21},"end":{"line":33,"column":1}},"21":{"start":{"line":27,"column":23},"end":{"line":30,"column":5}},"22":{"start":{"line":32,"column":4},"end":{"line":32,"column":41}},"23":{"start":{"line":36,"column":0},"end":{"line":36,"column":24}}},"fnMap":{"0":{"name":"(anonymous_0)","decl":{"start":{"line":11,"column":17},"end":{"line":11,"column":18}},"loc":{"start":{"line":11,"column":37},"end":{"line":24,"column":1}},"line":11},"1":{"name":"(anonymous_1)","decl":{"start":{"line":26,"column":21},"end":{"line":26,"column":22}},"loc":{"start":{"line":26,"column":30},"end":{"line":33,"column":1}},"line":26}},"branchMap":{"0":{"loc":{"start":{"line":13,"column":4},"end":{"line":13,"column":69}},"type":"if","locations":[{"start":{"line":13,"column":4},"end":{"line":13,"column":69}},{"start":{"line":13,"column":4},"end":{"line":13,"column":69}}],"line":13},"1":{"loc":{"start":{"line":16,"column":4},"end":{"line":16,"column":75}},"type":"if","locations":[{"start":{"line":16,"column":4},"end":{"line":16,"column":75}},{"start":{"line":16,"column":4},"end":{"line":16,"column":75}}],"line":16},"2":{"loc":{"start":{"line":19,"column":4},"end":{"line":19,"column":78}},"type":"if","locations":[{"start":{"line":19,"column":4},"end":{"line":19,"column":78}},{"start":{"line":19,"column":4},"end":{"line":19,"column":78}}],"line":19}},"s":{"0":2,"1":2,"2":2,"3":2,"4":2,"5":2,"6":2,"7":2,"8":2,"9":0,"10":0,"11":0,"12":0,"13":0,"14":0,"15":0,"16":0,"17":0,"18":0,"19":0,"20":2,"21":0,"22":0,"23":2},"f":{"0":0,"1":0},"b":{"0":[0,0],"1":[0,0],"2":[0,0]},"_coverageSchema":"332fd63041d2c1bcb487cc26dd0d5f7d97098a6c","hash":"b097423fe1a1f534de8f2ba1c725262df753104c"}
,"F:\\my dwnld\\nodejs-master-class-mosh-hamedani\\practicals\\108 8.7-Project\\8.7- Project\\before\\vidly\\routes\\customers.js": {"path":"F:\\my dwnld\\nodejs-master-class-mosh-hamedani\\practicals\\108 8.7-Project\\8.7- Project\\before\\vidly\\routes\\customers.js","statementMap":{"0":{"start":{"line":1,"column":17},"end":{"line":1,"column":36}},"1":{"start":{"line":2,"column":16},"end":{"line":2,"column":34}},"2":{"start":{"line":3,"column":15},"end":{"line":3,"column":31}},"3":{"start":{"line":4,"column":31},"end":{"line":4,"column":60}},"4":{"start":{"line":7,"column":0},"end":{"line":10,"column":3}},"5":{"start":{"line":8,"column":22},"end":{"line":8,"column":43}},"6":{"start":{"line":9,"column":4},"end":{"line":9,"column":24}},"7":{"start":{"line":12,"column":0},"end":{"line":17,"column":3}},"8":{"start":{"line":13,"column":21},"end":{"line":13,"column":59}},"9":{"start":{"line":14,"column":4},"end":{"line":14,"column":68}},"10":{"start":{"line":14,"column":19},"end":{"line":14,"column":68}},"11":{"start":{"line":16,"column":4},"end":{"line":16,"column":22}},"12":{"start":{"line":19,"column":0},"end":{"line":30,"column":3}},"13":{"start":{"line":20,"column":22},"end":{"line":20,"column":40}},"14":{"start":{"line":21,"column":4},"end":{"line":21,"column":69}},"15":{"start":{"line":21,"column":15},"end":{"line":21,"column":69}},"16":{"start":{"line":23,"column":21},"end":{"line":25,"column":6}},"17":{"start":{"line":27,"column":4},"end":{"line":27,"column":68}},"18":{"start":{"line":27,"column":19},"end":{"line":27,"column":68}},"19":{"start":{"line":29,"column":4},"end":{"line":29,"column":30}},"20":{"start":{"line":32,"column":0},"end":{"line":50,"column":2}},"21":{"start":{"line":33,"column":22},"end":{"line":33,"column":40}},"22":{"start":{"line":34,"column":4},"end":{"line":34,"column":69}},"23":{"start":{"line":34,"column":15},"end":{"line":34,"column":69}},"24":{"start":{"line":36,"column":21},"end":{"line":40,"column":6}},"25":{"start":{"line":42,"column":4},"end":{"line":48,"column":5}},"26":{"start":{"line":43,"column":8},"end":{"line":43,"column":30}},"27":{"start":{"line":44,"column":8},"end":{"line":44,"column":30}},"28":{"start":{"line":45,"column":8},"end":{"line":45,"column":27}},"29":{"start":{"line":47,"column":8},"end":{"line":47,"column":32}},"30":{"start":{"line":51,"column":0},"end":{"line":56,"column":2}},"31":{"start":{"line":52,"column":21},"end":{"line":52,"column":68}},"32":{"start":{"line":53,"column":4},"end":{"line":53,"column":68}},"33":{"start":{"line":53,"column":19},"end":{"line":53,"column":68}},"34":{"start":{"line":55,"column":4},"end":{"line":55,"column":23}},"35":{"start":{"line":58,"column":0},"end":{"line":58,"column":24}}},"fnMap":{"0":{"name":"(anonymous_0)","decl":{"start":{"line":7,"column":16},"end":{"line":7,"column":17}},"loc":{"start":{"line":7,"column":36},"end":{"line":10,"column":1}},"line":7},"1":{"name":"(anonymous_1)","decl":{"start":{"line":12,"column":19},"end":{"line":12,"column":20}},"loc":{"start":{"line":12,"column":39},"end":{"line":17,"column":1}},"line":12},"2":{"name":"(anonymous_2)","decl":{"start":{"line":19,"column":19},"end":{"line":19,"column":20}},"loc":{"start":{"line":19,"column":39},"end":{"line":30,"column":1}},"line":19},"3":{"name":"(anonymous_3)","decl":{"start":{"line":32,"column":17},"end":{"line":32,"column":18}},"loc":{"start":{"line":32,"column":37},"end":{"line":50,"column":1}},"line":32},"4":{"name":"(anonymous_4)","decl":{"start":{"line":51,"column":22},"end":{"line":51,"column":23}},"loc":{"start":{"line":51,"column":42},"end":{"line":56,"column":1}},"line":51}},"branchMap":{"0":{"loc":{"start":{"line":14,"column":4},"end":{"line":14,"column":68}},"type":"if","locations":[{"start":{"line":14,"column":4},"end":{"line":14,"column":68}},{"start":{"line":14,"column":4},"end":{"line":14,"column":68}}],"line":14},"1":{"loc":{"start":{"line":21,"column":4},"end":{"line":21,"column":69}},"type":"if","locations":[{"start":{"line":21,"column":4},"end":{"line":21,"column":69}},{"start":{"line":21,"column":4},"end":{"line":21,"column":69}}],"line":21},"2":{"loc":{"start":{"line":27,"column":4},"end":{"line":27,"column":68}},"type":"if","locations":[{"start":{"line":27,"column":4},"end":{"line":27,"column":68}},{"start":{"line":27,"column":4},"end":{"line":27,"column":68}}],"line":27},"3":{"loc":{"start":{"line":34,"column":4},"end":{"line":34,"column":69}},"type":"if","locations":[{"start":{"line":34,"column":4},"end":{"line":34,"column":69}},{"start":{"line":34,"column":4},"end":{"line":34,"column":69}}],"line":34},"4":{"loc":{"start":{"line":53,"column":4},"end":{"line":53,"column":68}},"type":"if","locations":[{"start":{"line":53,"column":4},"end":{"line":53,"column":68}},{"start":{"line":53,"column":4},"end":{"line":53,"column":68}}],"line":53}},"s":{"0":2,"1":2,"2":2,"3":2,"4":2,"5":0,"6":0,"7":2,"8":0,"9":0,"10":0,"11":0,"12":2,"13":0,"14":0,"15":0,"16":0,"17":0,"18":0,"19":0,"20":2,"21":0,"22":0,"23":0,"24":0,"25":0,"26":0,"27":0,"28":0,"29":0,"30":2,"31":0,"32":0,"33":0,"34":0,"35":2},"f":{"0":0,"1":0,"2":0,"3":0,"4":0},"b":{"0":[0,0],"1":[0,0],"2":[0,0],"3":[0,0],"4":[0,0]},"_coverageSchema":"332fd63041d2c1bcb487cc26dd0d5f7d97098a6c","hash":"052f7ac9da9ba48701bac1073db974eb488688a6"}
,"F:\\my dwnld\\nodejs-master-class-mosh-hamedani\\practicals\\108 8.7-Project\\8.7- Project\\before\\vidly\\routes\\genres.js": {"path":"F:\\my dwnld\\nodejs-master-class-mosh-hamedani\\practicals\\108 8.7-Project\\8.7- Project\\before\\vidly\\routes\\genres.js","statementMap":{"0":{"start":{"line":1,"column":16},"end":{"line":1,"column":34}},"1":{"start":{"line":2,"column":17},"end":{"line":2,"column":36}},"2":{"start":{"line":3,"column":15},"end":{"line":3,"column":31}},"3":{"start":{"line":4,"column":25},"end":{"line":4,"column":67}},"4":{"start":{"line":5,"column":13},"end":{"line":5,"column":48}},"5":{"start":{"line":6,"column":28},"end":{"line":6,"column":55}},"6":{"start":{"line":9,"column":0},"end":{"line":12,"column":3}},"7":{"start":{"line":10,"column":17},"end":{"line":10,"column":53}},"8":{"start":{"line":11,"column":2},"end":{"line":11,"column":19}},"9":{"start":{"line":14,"column":0},"end":{"line":21,"column":3}},"10":{"start":{"line":15,"column":20},"end":{"line":15,"column":38}},"11":{"start":{"line":16,"column":2},"end":{"line":16,"column":67}},"12":{"start":{"line":16,"column":13},"end":{"line":16,"column":67}},"13":{"start":{"line":18,"column":16},"end":{"line":18,"column":50}},"14":{"start":{"line":19,"column":2},"end":{"line":19,"column":21}},"15":{"start":{"line":20,"column":2},"end":{"line":20,"column":18}},"16":{"start":{"line":23,"column":0},"end":{"line":34,"column":3}},"17":{"start":{"line":24,"column":20},"end":{"line":24,"column":38}},"18":{"start":{"line":25,"column":2},"end":{"line":25,"column":67}},"19":{"start":{"line":25,"column":13},"end":{"line":25,"column":67}},"20":{"start":{"line":27,"column":16},"end":{"line":29,"column":4}},"21":{"start":{"line":31,"column":2},"end":{"line":31,"column":88}},"22":{"start":{"line":31,"column":14},"end":{"line":31,"column":88}},"23":{"start":{"line":33,"column":2},"end":{"line":33,"column":18}},"24":{"start":{"line":36,"column":0},"end":{"line":40,"column":3}},"25":{"start":{"line":37,"column":16},"end":{"line":37,"column":60}},"26":{"start":{"line":38,"column":2},"end":{"line":38,"column":88}},"27":{"start":{"line":38,"column":14},"end":{"line":38,"column":88}},"28":{"start":{"line":39,"column":2},"end":{"line":39,"column":18}},"29":{"start":{"line":42,"column":0},"end":{"line":46,"column":3}},"30":{"start":{"line":43,"column":16},"end":{"line":43,"column":51}},"31":{"start":{"line":44,"column":2},"end":{"line":44,"column":88}},"32":{"start":{"line":44,"column":14},"end":{"line":44,"column":88}},"33":{"start":{"line":45,"column":2},"end":{"line":45,"column":18}},"34":{"start":{"line":53,"column":0},"end":{"line":53,"column":24}}},"fnMap":{"0":{"name":"(anonymous_0)","decl":{"start":{"line":9,"column":16},"end":{"line":9,"column":17}},"loc":{"start":{"line":9,"column":36},"end":{"line":12,"column":1}},"line":9},"1":{"name":"(anonymous_1)","decl":{"start":{"line":14,"column":23},"end":{"line":14,"column":24}},"loc":{"start":{"line":14,"column":43},"end":{"line":21,"column":1}},"line":14},"2":{"name":"(anonymous_2)","decl":{"start":{"line":23,"column":19},"end":{"line":23,"column":20}},"loc":{"start":{"line":23,"column":39},"end":{"line":34,"column":1}},"line":23},"3":{"name":"(anonymous_3)","decl":{"start":{"line":36,"column":22},"end":{"line":36,"column":23}},"loc":{"start":{"line":36,"column":42},"end":{"line":40,"column":1}},"line":36},"4":{"name":"(anonymous_4)","decl":{"start":{"line":42,"column":37},"end":{"line":42,"column":38}},"loc":{"start":{"line":42,"column":57},"end":{"line":46,"column":1}},"line":42},"5":{"name":"getGenres","decl":{"start":{"line":49,"column":15},"end":{"line":49,"column":24}},"loc":{"start":{"line":49,"column":27},"end":{"line":51,"column":1}},"line":49}},"branchMap":{"0":{"loc":{"start":{"line":16,"column":2},"end":{"line":16,"column":67}},"type":"if","locations":[{"start":{"line":16,"column":2},"end":{"line":16,"column":67}},{"start":{"line":16,"column":2},"end":{"line":16,"column":67}}],"line":16},"1":{"loc":{"start":{"line":25,"column":2},"end":{"line":25,"column":67}},"type":"if","locations":[{"start":{"line":25,"column":2},"end":{"line":25,"column":67}},{"start":{"line":25,"column":2},"end":{"line":25,"column":67}}],"line":25},"2":{"loc":{"start":{"line":31,"column":2},"end":{"line":31,"column":88}},"type":"if","locations":[{"start":{"line":31,"column":2},"end":{"line":31,"column":88}},{"start":{"line":31,"column":2},"end":{"line":31,"column":88}}],"line":31},"3":{"loc":{"start":{"line":38,"column":2},"end":{"line":38,"column":88}},"type":"if","locations":[{"start":{"line":38,"column":2},"end":{"line":38,"column":88}},{"start":{"line":38,"column":2},"end":{"line":38,"column":88}}],"line":38},"4":{"loc":{"start":{"line":44,"column":2},"end":{"line":44,"column":88}},"type":"if","locations":[{"start":{"line":44,"column":2},"end":{"line":44,"column":88}},{"start":{"line":44,"column":2},"end":{"line":44,"column":88}}],"line":44}},"s":{"0":2,"1":2,"2":2,"3":2,"4":2,"5":2,"6":2,"7":1,"8":1,"9":2,"10":4,"11":4,"12":2,"13":2,"14":2,"15":2,"16":2,"17":0,"18":0,"19":0,"20":0,"21":0,"22":0,"23":0,"24":2,"25":0,"26":0,"27":0,"28":0,"29":2,"30":1,"31":1,"32":0,"33":1,"34":2},"f":{"0":1,"1":4,"2":0,"3":0,"4":1,"5":0},"b":{"0":[2,2],"1":[0,0],"2":[0,0],"3":[0,0],"4":[0,1]},"_coverageSchema":"332fd63041d2c1bcb487cc26dd0d5f7d97098a6c","hash":"c8be06214b2365344eb749536ff1fc0d68eb4fc3"}
,"F:\\my dwnld\\nodejs-master-class-mosh-hamedani\\practicals\\108 8.7-Project\\8.7- Project\\before\\vidly\\routes\\movies.js": {"path":"F:\\my dwnld\\nodejs-master-class-mosh-hamedani\\practicals\\108 8.7-Project\\8.7- Project\\before\\vidly\\routes\\movies.js","statementMap":{"0":{"start":{"line":1,"column":17},"end":{"line":1,"column":36}},"1":{"start":{"line":2,"column":16},"end":{"line":2,"column":34}},"2":{"start":{"line":3,"column":15},"end":{"line":3,"column":31}},"3":{"start":{"line":4,"column":28},"end":{"line":4,"column":55}},"4":{"start":{"line":5,"column":18},"end":{"line":5,"column":45}},"5":{"start":{"line":8,"column":0},"end":{"line":11,"column":3}},"6":{"start":{"line":9,"column":17},"end":{"line":9,"column":54}},"7":{"start":{"line":10,"column":2},"end":{"line":10,"column":19}},"8":{"start":{"line":13,"column":0},"end":{"line":38,"column":3}},"9":{"start":{"line":14,"column":20},"end":{"line":14,"column":38}},"10":{"start":{"line":15,"column":2},"end":{"line":15,"column":67}},"11":{"start":{"line":15,"column":13},"end":{"line":15,"column":67}},"12":{"start":{"line":17,"column":16},"end":{"line":17,"column":54}},"13":{"start":{"line":18,"column":2},"end":{"line":18,"column":67}},"14":{"start":{"line":18,"column":14},"end":{"line":18,"column":67}},"15":{"start":{"line":20,"column":16},"end":{"line":28,"column":4}},"16":{"start":{"line":30,"column":2},"end":{"line":37,"column":3}},"17":{"start":{"line":31,"column":4},"end":{"line":31,"column":23}},"18":{"start":{"line":32,"column":4},"end":{"line":32,"column":23}},"19":{"start":{"line":33,"column":4},"end":{"line":33,"column":20}},"20":{"start":{"line":35,"column":4},"end":{"line":35,"column":30}},"21":{"start":{"line":36,"column":4},"end":{"line":36,"column":28}},"22":{"start":{"line":40,"column":0},"end":{"line":40,"column":24}}},"fnMap":{"0":{"name":"(anonymous_0)","decl":{"start":{"line":8,"column":16},"end":{"line":8,"column":17}},"loc":{"start":{"line":8,"column":36},"end":{"line":11,"column":1}},"line":8},"1":{"name":"(anonymous_1)","decl":{"start":{"line":13,"column":17},"end":{"line":13,"column":18}},"loc":{"start":{"line":13,"column":37},"end":{"line":38,"column":1}},"line":13}},"branchMap":{"0":{"loc":{"start":{"line":15,"column":2},"end":{"line":15,"column":67}},"type":"if","locations":[{"start":{"line":15,"column":2},"end":{"line":15,"column":67}},{"start":{"line":15,"column":2},"end":{"line":15,"column":67}}],"line":15},"1":{"loc":{"start":{"line":18,"column":2},"end":{"line":18,"column":67}},"type":"if","locations":[{"start":{"line":18,"column":2},"end":{"line":18,"column":67}},{"start":{"line":18,"column":2},"end":{"line":18,"column":67}}],"line":18}},"s":{"0":2,"1":2,"2":2,"3":2,"4":2,"5":2,"6":0,"7":0,"8":2,"9":0,"10":0,"11":0,"12":0,"13":0,"14":0,"15":0,"16":0,"17":0,"18":0,"19":0,"20":0,"21":0,"22":2},"f":{"0":0,"1":0},"b":{"0":[0,0],"1":[0,0]},"_coverageSchema":"332fd63041d2c1bcb487cc26dd0d5f7d97098a6c","hash":"3e3c5d57325df50cf5243cd3f35529d52188813a"}
,"F:\\my dwnld\\nodejs-master-class-mosh-hamedani\\practicals\\108 8.7-Project\\8.7- Project\\before\\vidly\\routes\\rentals.js": {"path":"F:\\my dwnld\\nodejs-master-class-mosh-hamedani\\practicals\\108 8.7-Project\\8.7- Project\\before\\vidly\\routes\\rentals.js","statementMap":{"0":{"start":{"line":1,"column":17},"end":{"line":1,"column":36}},"1":{"start":{"line":2,"column":16},"end":{"line":2,"column":34}},"2":{"start":{"line":3,"column":13},"end":{"line":3,"column":28}},"3":{"start":{"line":4,"column":15},"end":{"line":4,"column":31}},"4":{"start":{"line":5,"column":29},"end":{"line":5,"column":57}},"5":{"start":{"line":6,"column":21},"end":{"line":6,"column":50}},"6":{"start":{"line":7,"column":18},"end":{"line":7,"column":45}},"7":{"start":{"line":8,"column":21},"end":{"line":8,"column":60}},"8":{"start":{"line":10,"column":0},"end":{"line":10,"column":20}},"9":{"start":{"line":12,"column":0},"end":{"line":16,"column":3}},"10":{"start":{"line":14,"column":20},"end":{"line":14,"column":56}},"11":{"start":{"line":15,"column":4},"end":{"line":15,"column":22}},"12":{"start":{"line":18,"column":0},"end":{"line":58,"column":3}},"13":{"start":{"line":19,"column":22},"end":{"line":19,"column":40}},"14":{"start":{"line":20,"column":4},"end":{"line":20,"column":69}},"15":{"start":{"line":20,"column":15},"end":{"line":20,"column":69}},"16":{"start":{"line":22,"column":21},"end":{"line":22,"column":65}},"17":{"start":{"line":23,"column":4},"end":{"line":23,"column":68}},"18":{"start":{"line":23,"column":19},"end":{"line":23,"column":68}},"19":{"start":{"line":25,"column":18},"end":{"line":25,"column":56}},"20":{"start":{"line":26,"column":4},"end":{"line":26,"column":62}},"21":{"start":{"line":26,"column":16},"end":{"line":26,"column":62}},"22":{"start":{"line":28,"column":4},"end":{"line":28,"column":86}},"23":{"start":{"line":28,"column":35},"end":{"line":28,"column":86}},"24":{"start":{"line":29,"column":17},"end":{"line":41,"column":6}},"25":{"start":{"line":42,"column":4},"end":{"line":55,"column":5}},"26":{"start":{"line":43,"column":8},"end":{"line":50,"column":19}},"27":{"start":{"line":51,"column":8},"end":{"line":51,"column":25}},"28":{"start":{"line":54,"column":8},"end":{"line":54,"column":54}},"29":{"start":{"line":60,"column":0},"end":{"line":60,"column":24}}},"fnMap":{"0":{"name":"(anonymous_0)","decl":{"start":{"line":12,"column":16},"end":{"line":12,"column":17}},"loc":{"start":{"line":12,"column":36},"end":{"line":16,"column":1}},"line":12},"1":{"name":"(anonymous_1)","decl":{"start":{"line":18,"column":17},"end":{"line":18,"column":18}},"loc":{"start":{"line":18,"column":37},"end":{"line":58,"column":1}},"line":18}},"branchMap":{"0":{"loc":{"start":{"line":20,"column":4},"end":{"line":20,"column":69}},"type":"if","locations":[{"start":{"line":20,"column":4},"end":{"line":20,"column":69}},{"start":{"line":20,"column":4},"end":{"line":20,"column":69}}],"line":20},"1":{"loc":{"start":{"line":23,"column":4},"end":{"line":23,"column":68}},"type":"if","locations":[{"start":{"line":23,"column":4},"end":{"line":23,"column":68}},{"start":{"line":23,"column":4},"end":{"line":23,"column":68}}],"line":23},"2":{"loc":{"start":{"line":26,"column":4},"end":{"line":26,"column":62}},"type":"if","locations":[{"start":{"line":26,"column":4},"end":{"line":26,"column":62}},{"start":{"line":26,"column":4},"end":{"line":26,"column":62}}],"line":26},"3":{"loc":{"start":{"line":28,"column":4},"end":{"line":28,"column":86}},"type":"if","locations":[{"start":{"line":28,"column":4},"end":{"line":28,"column":86}},{"start":{"line":28,"column":4},"end":{"line":28,"column":86}}],"line":28}},"s":{"0":2,"1":2,"2":2,"3":2,"4":2,"5":2,"6":2,"7":2,"8":2,"9":2,"10":0,"11":0,"12":2,"13":0,"14":0,"15":0,"16":0,"17":0,"18":0,"19":0,"20":0,"21":0,"22":0,"23":0,"24":0,"25":0,"26":0,"27":0,"28":0,"29":2},"f":{"0":0,"1":0},"b":{"0":[0,0],"1":[0,0],"2":[0,0],"3":[0,0]},"_coverageSchema":"332fd63041d2c1bcb487cc26dd0d5f7d97098a6c","hash":"80ff8471c6f34e2660b574b39371dda812c01de7"}
,"F:\\my dwnld\\nodejs-master-class-mosh-hamedani\\practicals\\108 8.7-Project\\8.7- Project\\before\\vidly\\routes\\users.js": {"path":"F:\\my dwnld\\nodejs-master-class-mosh-hamedani\\practicals\\108 8.7-Project\\8.7- Project\\before\\vidly\\routes\\users.js","statementMap":{"0":{"start":{"line":1,"column":16},"end":{"line":1,"column":34}},"1":{"start":{"line":2,"column":10},"end":{"line":2,"column":27}},"2":{"start":{"line":3,"column":15},"end":{"line":3,"column":32}},"3":{"start":{"line":4,"column":12},"end":{"line":4,"column":35}},"4":{"start":{"line":5,"column":15},"end":{"line":5,"column":32}},"5":{"start":{"line":6,"column":17},"end":{"line":6,"column":52}},"6":{"start":{"line":7,"column":15},"end":{"line":7,"column":31}},"7":{"start":{"line":8,"column":31},"end":{"line":8,"column":56}},"8":{"start":{"line":11,"column":0},"end":{"line":14,"column":2}},"9":{"start":{"line":12,"column":17},"end":{"line":12,"column":70}},"10":{"start":{"line":13,"column":4},"end":{"line":13,"column":26}},"11":{"start":{"line":16,"column":0},"end":{"line":34,"column":2}},"12":{"start":{"line":17,"column":22},"end":{"line":17,"column":83}},"13":{"start":{"line":18,"column":4},"end":{"line":18,"column":69}},"14":{"start":{"line":18,"column":15},"end":{"line":18,"column":69}},"15":{"start":{"line":20,"column":17},"end":{"line":20,"column":62}},"16":{"start":{"line":21,"column":4},"end":{"line":21,"column":65}},"17":{"start":{"line":21,"column":14},"end":{"line":21,"column":65}},"18":{"start":{"line":23,"column":4},"end":{"line":33,"column":5}},"19":{"start":{"line":24,"column":21},"end":{"line":24,"column":78}},"20":{"start":{"line":25,"column":21},"end":{"line":25,"column":45}},"21":{"start":{"line":26,"column":8},"end":{"line":26,"column":62}},"22":{"start":{"line":27,"column":8},"end":{"line":27,"column":26}},"23":{"start":{"line":28,"column":22},"end":{"line":28,"column":41}},"24":{"start":{"line":30,"column":8},"end":{"line":30,"column":87}},"25":{"start":{"line":32,"column":8},"end":{"line":32,"column":36}},"26":{"start":{"line":36,"column":0},"end":{"line":36,"column":24}}},"fnMap":{"0":{"name":"(anonymous_0)","decl":{"start":{"line":11,"column":28},"end":{"line":11,"column":29}},"loc":{"start":{"line":11,"column":48},"end":{"line":14,"column":1}},"line":11},"1":{"name":"(anonymous_1)","decl":{"start":{"line":16,"column":17},"end":{"line":16,"column":18}},"loc":{"start":{"line":16,"column":37},"end":{"line":34,"column":1}},"line":16}},"branchMap":{"0":{"loc":{"start":{"line":18,"column":4},"end":{"line":18,"column":69}},"type":"if","locations":[{"start":{"line":18,"column":4},"end":{"line":18,"column":69}},{"start":{"line":18,"column":4},"end":{"line":18,"column":69}}],"line":18},"1":{"loc":{"start":{"line":21,"column":4},"end":{"line":21,"column":65}},"type":"if","locations":[{"start":{"line":21,"column":4},"end":{"line":21,"column":65}},{"start":{"line":21,"column":4},"end":{"line":21,"column":65}}],"line":21}},"s":{"0":2,"1":2,"2":2,"3":2,"4":2,"5":2,"6":2,"7":2,"8":2,"9":0,"10":0,"11":2,"12":0,"13":0,"14":0,"15":0,"16":0,"17":0,"18":0,"19":0,"20":0,"21":0,"22":0,"23":0,"24":0,"25":0,"26":2},"f":{"0":0,"1":0},"b":{"0":[0,0],"1":[0,0]},"_coverageSchema":"332fd63041d2c1bcb487cc26dd0d5f7d97098a6c","hash":"6fe2fb0afc995d378f1e2613d9368c685029e85f"}
,"F:\\my dwnld\\nodejs-master-class-mosh-hamedani\\practicals\\108 8.7-Project\\8.7- Project\\before\\vidly\\startup\\config.js": {"path":"F:\\my dwnld\\nodejs-master-class-mosh-hamedani\\practicals\\108 8.7-Project\\8.7- Project\\before\\vidly\\startup\\config.js","statementMap":{"0":{"start":{"line":1,"column":15},"end":{"line":1,"column":32}},"1":{"start":{"line":3,"column":0},"end":{"line":7,"column":1}},"2":{"start":{"line":4,"column":4},"end":{"line":6,"column":5}},"3":{"start":{"line":5,"column":8},"end":{"line":5,"column":59}}},"fnMap":{"0":{"name":"(anonymous_0)","decl":{"start":{"line":3,"column":17},"end":{"line":3,"column":18}},"loc":{"start":{"line":3,"column":29},"end":{"line":7,"column":1}},"line":3}},"branchMap":{"0":{"loc":{"start":{"line":4,"column":4},"end":{"line":6,"column":5}},"type":"if","locations":[{"start":{"line":4,"column":4},"end":{"line":6,"column":5}},{"start":{"line":4,"column":4},"end":{"line":6,"column":5}}],"line":4}},"s":{"0":2,"1":2,"2":2,"3":0},"f":{"0":2},"b":{"0":[0,2]},"_coverageSchema":"332fd63041d2c1bcb487cc26dd0d5f7d97098a6c","hash":"2fd4f8a8501334768fbac188871440e80b24ba7c"}
,"F:\\my dwnld\\nodejs-master-class-mosh-hamedani\\practicals\\108 8.7-Project\\8.7- Project\\before\\vidly\\startup\\db.js": {"path":"F:\\my dwnld\\nodejs-master-class-mosh-hamedani\\practicals\\108 8.7-Project\\8.7- Project\\before\\vidly\\startup\\db.js","statementMap":{"0":{"start":{"line":1,"column":17},"end":{"line":1,"column":36}},"1":{"start":{"line":2,"column":16},"end":{"line":2,"column":34}},"2":{"start":{"line":3,"column":15},"end":{"line":3,"column":32}},"3":{"start":{"line":6,"column":0},"end":{"line":10,"column":1}},"4":{"start":{"line":7,"column":25},"end":{"line":7,"column":51}},"5":{"start":{"line":8,"column":4},"end":{"line":9,"column":77}},"6":{"start":{"line":9,"column":20},"end":{"line":9,"column":75}}},"fnMap":{"0":{"name":"(anonymous_0)","decl":{"start":{"line":6,"column":17},"end":{"line":6,"column":18}},"loc":{"start":{"line":6,"column":29},"end":{"line":10,"column":1}},"line":6},"1":{"name":"(anonymous_1)","decl":{"start":{"line":9,"column":14},"end":{"line":9,"column":15}},"loc":{"start":{"line":9,"column":20},"end":{"line":9,"column":75}},"line":9}},"branchMap":{},"s":{"0":2,"1":2,"2":2,"3":2,"4":2,"5":2,"6":2},"f":{"0":2,"1":2},"b":{},"_coverageSchema":"332fd63041d2c1bcb487cc26dd0d5f7d97098a6c","hash":"5c31ec14ba076d97076a651a43b1e27421d70a18"}
,"F:\\my dwnld\\nodejs-master-class-mosh-hamedani\\practicals\\108 8.7-Project\\8.7- Project\\before\\vidly\\startup\\logging.js": {"path":"F:\\my dwnld\\nodejs-master-class-mosh-hamedani\\practicals\\108 8.7-Project\\8.7- Project\\before\\vidly\\startup\\logging.js","statementMap":{"0":{"start":{"line":1,"column":16},"end":{"line":1,"column":34}},"1":{"start":{"line":2,"column":0},"end":{"line":2,"column":27}},"2":{"start":{"line":3,"column":0},"end":{"line":3,"column":32}},"3":{"start":{"line":6,"column":0},"end":{"line":34,"column":1}},"4":{"start":{"line":7,"column":4},"end":{"line":14,"column":7}},"5":{"start":{"line":22,"column":4},"end":{"line":25,"column":6}},"6":{"start":{"line":27,"column":4},"end":{"line":29,"column":6}},"7":{"start":{"line":28,"column":8},"end":{"line":28,"column":17}}},"fnMap":{"0":{"name":"(anonymous_0)","decl":{"start":{"line":6,"column":17},"end":{"line":6,"column":18}},"loc":{"start":{"line":6,"column":29},"end":{"line":34,"column":1}},"line":6},"1":{"name":"(anonymous_1)","decl":{"start":{"line":27,"column":37},"end":{"line":27,"column":38}},"loc":{"start":{"line":27,"column":45},"end":{"line":29,"column":5}},"line":27}},"branchMap":{},"s":{"0":2,"1":2,"2":2,"3":2,"4":2,"5":2,"6":2,"7":0},"f":{"0":2,"1":0},"b":{},"_coverageSchema":"332fd63041d2c1bcb487cc26dd0d5f7d97098a6c","hash":"eb818a02e5958fc0872aca8f7ef1345794bc7705"}
,"F:\\my dwnld\\nodejs-master-class-mosh-hamedani\\practicals\\108 8.7-Project\\8.7- Project\\before\\vidly\\startup\\routes.js": {"path":"F:\\my dwnld\\nodejs-master-class-mosh-hamedani\\practicals\\108 8.7-Project\\8.7- Project\\before\\vidly\\startup\\routes.js","statementMap":{"0":{"start":{"line":1,"column":16},"end":{"line":1,"column":34}},"1":{"start":{"line":3,"column":18},"end":{"line":3,"column":48}},"2":{"start":{"line":4,"column":15},"end":{"line":4,"column":42}},"3":{"start":{"line":5,"column":16},"end":{"line":5,"column":44}},"4":{"start":{"line":6,"column":14},"end":{"line":6,"column":40}},"5":{"start":{"line":7,"column":13},"end":{"line":7,"column":38}},"6":{"start":{"line":8,"column":15},"end":{"line":8,"column":42}},"7":{"start":{"line":9,"column":17},"end":{"line":9,"column":52}},"8":{"start":{"line":10,"column":18},"end":{"line":10,"column":54}},"9":{"start":{"line":11,"column":21},"end":{"line":11,"column":60}},"10":{"start":{"line":14,"column":0},"end":{"line":30,"column":1}},"11":{"start":{"line":15,"column":4},"end":{"line":15,"column":28}},"12":{"start":{"line":17,"column":4},"end":{"line":17,"column":35}},"13":{"start":{"line":19,"column":4},"end":{"line":19,"column":51}},"14":{"start":{"line":21,"column":4},"end":{"line":21,"column":45}},"15":{"start":{"line":23,"column":4},"end":{"line":23,"column":60}},"16":{"start":{"line":25,"column":4},"end":{"line":25,"column":33}},"17":{"start":{"line":27,"column":4},"end":{"line":27,"column":31}},"18":{"start":{"line":29,"column":4},"end":{"line":29,"column":26}}},"fnMap":{"0":{"name":"(anonymous_0)","decl":{"start":{"line":14,"column":17},"end":{"line":14,"column":18}},"loc":{"start":{"line":14,"column":32},"end":{"line":30,"column":1}},"line":14}},"branchMap":{},"s":{"0":2,"1":2,"2":2,"3":2,"4":2,"5":2,"6":2,"7":2,"8":2,"9":2,"10":2,"11":2,"12":2,"13":2,"14":2,"15":2,"16":2,"17":2,"18":2},"f":{"0":2},"b":{},"_coverageSchema":"332fd63041d2c1bcb487cc26dd0d5f7d97098a6c","hash":"545d13ea222ffe7b808160d5df6c5431d12294a4"}
,"F:\\my dwnld\\nodejs-master-class-mosh-hamedani\\practicals\\108 8.7-Project\\8.7- Project\\before\\vidly\\startup\\validation.js": {"path":"F:\\my dwnld\\nodejs-master-class-mosh-hamedani\\practicals\\108 8.7-Project\\8.7- Project\\before\\vidly\\startup\\validation.js","statementMap":{"0":{"start":{"line":2,"column":12},"end":{"line":2,"column":26}},"1":{"start":{"line":4,"column":0},"end":{"line":6,"column":1}},"2":{"start":{"line":5,"column":4},"end":{"line":5,"column":48}}},"fnMap":{"0":{"name":"(anonymous_0)","decl":{"start":{"line":4,"column":17},"end":{"line":4,"column":18}},"loc":{"start":{"line":4,"column":29},"end":{"line":6,"column":1}},"line":4}},"branchMap":{},"s":{"0":2,"1":2,"2":2},"f":{"0":2},"b":{},"_coverageSchema":"332fd63041d2c1bcb487cc26dd0d5f7d97098a6c","hash":"835315fb715e8e49a782171a5d5d649df242f7ff"}
}
