TN:
SF:F:\my dwnld\nodejs-master-class-mosh-hamedani\practicals\108 8.7-Project\8.7- Project\before\vidly\index.js
FN:14,(anonymous_0)
FNF:1
FNH:1
FNDA:2,(anonymous_0)
DA:2,2
DA:3,2
DA:4,2
DA:6,2
DA:7,2
DA:8,2
DA:9,2
DA:10,2
DA:13,2
DA:14,2
DA:16,2
LF:11
LH:11
BRDA:13,0,0,2
BRDA:13,0,1,2
BRF:2
BRH:2
end_of_record
TN:
SF:F:\my dwnld\nodejs-master-class-mosh-hamedani\practicals\108 8.7-Project\8.7- Project\before\vidly\middlewares\admin-auth.js
FN:3,(anonymous_0)
FNF:1
FNH:0
FNDA:0,(anonymous_0)
DA:3,2
DA:4,0
DA:5,0
DA:6,0
LF:4
LH:1
BRDA:5,0,0,0
BRDA:5,0,1,0
BRF:2
BRH:0
end_of_record
TN:
SF:F:\my dwnld\nodejs-master-class-mosh-hamedani\practicals\108 8.7-Project\8.7- Project\before\vidly\middlewares\async-handler.js
FN:2,(anonymous_0)
FN:3,(anonymous_1)
FNF:2
FNH:0
FNDA:0,(anonymous_0)
FNDA:0,(anonymous_1)
DA:2,2
DA:3,0
DA:4,0
DA:5,0
DA:7,0
LF:5
LH:1
BRF:0
BRH:0
end_of_record
TN:
SF:F:\my dwnld\nodejs-master-class-mosh-hamedani\practicals\108 8.7-Project\8.7- Project\before\vidly\middlewares\error-handler.js
FN:3,(anonymous_0)
FNF:1
FNH:0
FNDA:0,(anonymous_0)
DA:1,2
DA:3,2
DA:5,0
DA:6,0
LF:4
LH:2
BRF:0
BRH:0
end_of_record
TN:
SF:F:\my dwnld\nodejs-master-class-mosh-hamedani\practicals\108 8.7-Project\8.7- Project\before\vidly\middlewares\user-auth.js
FN:4,(anonymous_0)
FNF:1
FNH:1
FNDA:8,(anonymous_0)
DA:1,3
DA:2,3
DA:4,3
DA:5,8
DA:6,8
DA:8,6
DA:9,6
DA:10,5
DA:11,5
DA:13,1
LF:10
LH:10
BRDA:6,0,0,2
BRDA:6,0,1,6
BRF:2
BRH:2
end_of_record
TN:
SF:F:\my dwnld\nodejs-master-class-mosh-hamedani\practicals\108 8.7-Project\8.7- Project\before\vidly\middlewares\validateObjectId.js
FN:3,(anonymous_0)
FNF:1
FNH:1
FNDA:2,(anonymous_0)
DA:1,2
DA:3,2
DA:4,2
DA:5,1
DA:7,1
LF:5
LH:5
BRDA:4,0,0,1
BRDA:4,0,1,1
BRF:2
BRH:2
end_of_record
TN:
SF:F:\my dwnld\nodejs-master-class-mosh-hamedani\practicals\108 8.7-Project\8.7- Project\before\vidly\models\customer.js
FN:27,validate
FNF:1
FNH:0
FNDA:0,validate
DA:1,2
DA:2,2
DA:4,2
DA:25,2
DA:28,0
DA:34,0
DA:37,2
DA:38,2
LF:8
LH:6
BRF:0
BRH:0
end_of_record
TN:
SF:F:\my dwnld\nodejs-master-class-mosh-hamedani\practicals\108 8.7-Project\8.7- Project\before\vidly\models\genres.js
FN:16,validateGenre
FNF:1
FNH:1
FNDA:4,validateGenre
DA:1,2
DA:2,2
DA:4,2
DA:14,2
DA:17,4
DA:21,4
DA:24,2
DA:25,2
DA:26,2
LF:9
LH:9
BRF:0
BRH:0
end_of_record
TN:
SF:F:\my dwnld\nodejs-master-class-mosh-hamedani\practicals\108 8.7-Project\8.7- Project\before\vidly\models\movies.js
FN:33,validateMovie
FNF:1
FNH:0
FNDA:0,validateMovie
DA:1,2
DA:2,2
DA:3,2
DA:5,2
DA:31,2
DA:34,0
DA:41,0
DA:44,2
DA:45,2
LF:9
LH:7
BRF:0
BRH:0
end_of_record
TN:
SF:F:\my dwnld\nodejs-master-class-mosh-hamedani\practicals\108 8.7-Project\8.7- Project\before\vidly\models\rentals.js
FN:63,(anonymous_0)
FNF:1
FNH:0
FNDA:0,(anonymous_0)
DA:1,2
DA:2,2
DA:4,2
DA:61,2
DA:63,2
DA:64,0
DA:69,0
DA:72,2
DA:74,2
LF:9
LH:7
BRF:0
BRH:0
end_of_record
TN:
SF:F:\my dwnld\nodejs-master-class-mosh-hamedani\practicals\108 8.7-Project\8.7- Project\before\vidly\models\user.js
FN:35,(anonymous_0)
FN:41,(anonymous_1)
FNF:2
FNH:1
FNDA:9,(anonymous_0)
FNDA:0,(anonymous_1)
DA:1,4
DA:2,4
DA:3,4
DA:4,4
DA:6,4
DA:35,4
DA:36,9
DA:39,4
DA:41,4
DA:42,0
DA:48,0
DA:51,4
DA:53,4
LF:13
LH:11
BRF:0
BRH:0
end_of_record
TN:
SF:F:\my dwnld\nodejs-master-class-mosh-hamedani\practicals\108 8.7-Project\8.7- Project\before\vidly\routes\auth.js
FN:11,(anonymous_0)
FN:26,(anonymous_1)
FNF:2
FNH:0
FNDA:0,(anonymous_0)
FNDA:0,(anonymous_1)
DA:1,2
DA:2,2
DA:3,2
DA:4,2
DA:5,2
DA:6,2
DA:7,2
DA:8,2
DA:11,2
DA:12,0
DA:13,0
DA:15,0
DA:16,0
DA:18,0
DA:19,0
DA:21,0
DA:22,0
DA:26,2
DA:27,0
DA:32,0
DA:36,2
LF:21
LH:11
BRDA:13,0,0,0
BRDA:13,0,1,0
BRDA:16,1,0,0
BRDA:16,1,1,0
BRDA:19,2,0,0
BRDA:19,2,1,0
BRF:6
BRH:0
end_of_record
TN:
SF:F:\my dwnld\nodejs-master-class-mosh-hamedani\practicals\108 8.7-Project\8.7- Project\before\vidly\routes\customers.js
FN:7,(anonymous_0)
FN:12,(anonymous_1)
FN:19,(anonymous_2)
FN:32,(anonymous_3)
FN:51,(anonymous_4)
FNF:5
FNH:0
FNDA:0,(anonymous_0)
FNDA:0,(anonymous_1)
FNDA:0,(anonymous_2)
FNDA:0,(anonymous_3)
FNDA:0,(anonymous_4)
DA:1,2
DA:2,2
DA:3,2
DA:4,2
DA:7,2
DA:8,0
DA:9,0
DA:12,2
DA:13,0
DA:14,0
DA:16,0
DA:19,2
DA:20,0
DA:21,0
DA:23,0
DA:27,0
DA:29,0
DA:32,2
DA:33,0
DA:34,0
DA:36,0
DA:42,0
DA:43,0
DA:44,0
DA:45,0
DA:47,0
DA:51,2
DA:52,0
DA:53,0
DA:55,0
DA:58,2
LF:31
LH:10
BRDA:14,0,0,0
BRDA:14,0,1,0
BRDA:21,1,0,0
BRDA:21,1,1,0
BRDA:27,2,0,0
BRDA:27,2,1,0
BRDA:34,3,0,0
BRDA:34,3,1,0
BRDA:53,4,0,0
BRDA:53,4,1,0
BRF:10
BRH:0
end_of_record
TN:
SF:F:\my dwnld\nodejs-master-class-mosh-hamedani\practicals\108 8.7-Project\8.7- Project\before\vidly\routes\genres.js
FN:9,(anonymous_0)
FN:14,(anonymous_1)
FN:23,(anonymous_2)
FN:36,(anonymous_3)
FN:42,(anonymous_4)
FN:49,getGenres
FNF:6
FNH:3
FNDA:1,(anonymous_0)
FNDA:4,(anonymous_1)
FNDA:0,(anonymous_2)
FNDA:0,(anonymous_3)
FNDA:1,(anonymous_4)
FNDA:0,getGenres
DA:1,2
DA:2,2
DA:3,2
DA:4,2
DA:5,2
DA:6,2
DA:9,2
DA:10,1
DA:11,1
DA:14,2
DA:15,4
DA:16,4
DA:18,2
DA:19,2
DA:20,2
DA:23,2
DA:24,0
DA:25,0
DA:27,0
DA:31,0
DA:33,0
DA:36,2
DA:37,0
DA:38,0
DA:39,0
DA:42,2
DA:43,1
DA:44,1
DA:45,1
DA:53,2
LF:30
LH:22
BRDA:16,0,0,2
BRDA:16,0,1,2
BRDA:25,1,0,0
BRDA:25,1,1,0
BRDA:31,2,0,0
BRDA:31,2,1,0
BRDA:38,3,0,0
BRDA:38,3,1,0
BRDA:44,4,0,0
BRDA:44,4,1,1
BRF:10
BRH:3
end_of_record
TN:
SF:F:\my dwnld\nodejs-master-class-mosh-hamedani\practicals\108 8.7-Project\8.7- Project\before\vidly\routes\movies.js
FN:8,(anonymous_0)
FN:13,(anonymous_1)
FNF:2
FNH:0
FNDA:0,(anonymous_0)
FNDA:0,(anonymous_1)
DA:1,2
DA:2,2
DA:3,2
DA:4,2
DA:5,2
DA:8,2
DA:9,0
DA:10,0
DA:13,2
DA:14,0
DA:15,0
DA:17,0
DA:18,0
DA:20,0
DA:30,0
DA:31,0
DA:32,0
DA:33,0
DA:35,0
DA:36,0
DA:40,2
LF:21
LH:8
BRDA:15,0,0,0
BRDA:15,0,1,0
BRDA:18,1,0,0
BRDA:18,1,1,0
BRF:4
BRH:0
end_of_record
TN:
SF:F:\my dwnld\nodejs-master-class-mosh-hamedani\practicals\108 8.7-Project\8.7- Project\before\vidly\routes\rentals.js
FN:12,(anonymous_0)
FN:18,(anonymous_1)
FNF:2
FNH:0
FNDA:0,(anonymous_0)
FNDA:0,(anonymous_1)
DA:1,2
DA:2,2
DA:3,2
DA:4,2
DA:5,2
DA:6,2
DA:7,2
DA:8,2
DA:10,2
DA:12,2
DA:14,0
DA:15,0
DA:18,2
DA:19,0
DA:20,0
DA:22,0
DA:23,0
DA:25,0
DA:26,0
DA:28,0
DA:29,0
DA:42,0
DA:43,0
DA:51,0
DA:54,0
DA:60,2
LF:26
LH:12
BRDA:20,0,0,0
BRDA:20,0,1,0
BRDA:23,1,0,0
BRDA:23,1,1,0
BRDA:26,2,0,0
BRDA:26,2,1,0
BRDA:28,3,0,0
BRDA:28,3,1,0
BRF:8
BRH:0
end_of_record
TN:
SF:F:\my dwnld\nodejs-master-class-mosh-hamedani\practicals\108 8.7-Project\8.7- Project\before\vidly\routes\users.js
FN:11,(anonymous_0)
FN:16,(anonymous_1)
FNF:2
FNH:0
FNDA:0,(anonymous_0)
FNDA:0,(anonymous_1)
DA:1,2
DA:2,2
DA:3,2
DA:4,2
DA:5,2
DA:6,2
DA:7,2
DA:8,2
DA:11,2
DA:12,0
DA:13,0
DA:16,2
DA:17,0
DA:18,0
DA:20,0
DA:21,0
DA:23,0
DA:24,0
DA:25,0
DA:26,0
DA:27,0
DA:28,0
DA:30,0
DA:32,0
DA:36,2
LF:25
LH:11
BRDA:18,0,0,0
BRDA:18,0,1,0
BRDA:21,1,0,0
BRDA:21,1,1,0
BRF:4
BRH:0
end_of_record
TN:
SF:F:\my dwnld\nodejs-master-class-mosh-hamedani\practicals\108 8.7-Project\8.7- Project\before\vidly\startup\config.js
FN:3,(anonymous_0)
FNF:1
FNH:1
FNDA:2,(anonymous_0)
DA:1,2
DA:3,2
DA:4,2
DA:5,0
LF:4
LH:3
BRDA:4,0,0,0
BRDA:4,0,1,2
BRF:2
BRH:1
end_of_record
TN:
SF:F:\my dwnld\nodejs-master-class-mosh-hamedani\practicals\108 8.7-Project\8.7- Project\before\vidly\startup\db.js
FN:6,(anonymous_0)
FN:9,(anonymous_1)
FNF:2
FNH:2
FNDA:2,(anonymous_0)
FNDA:2,(anonymous_1)
DA:1,2
DA:2,2
DA:3,2
DA:6,2
DA:7,2
DA:8,2
DA:9,2
LF:7
LH:7
BRF:0
BRH:0
end_of_record
TN:
SF:F:\my dwnld\nodejs-master-class-mosh-hamedani\practicals\108 8.7-Project\8.7- Project\before\vidly\startup\logging.js
FN:6,(anonymous_0)
FN:27,(anonymous_1)
FNF:2
FNH:1
FNDA:2,(anonymous_0)
FNDA:0,(anonymous_1)
DA:1,2
DA:2,2
DA:3,2
DA:6,2
DA:7,2
DA:22,2
DA:27,2
DA:28,0
LF:8
LH:7
BRF:0
BRH:0
end_of_record
TN:
SF:F:\my dwnld\nodejs-master-class-mosh-hamedani\practicals\108 8.7-Project\8.7- Project\before\vidly\startup\routes.js
FN:14,(anonymous_0)
FNF:1
FNH:1
FNDA:2,(anonymous_0)
DA:1,2
DA:3,2
DA:4,2
DA:5,2
DA:6,2
DA:7,2
DA:8,2
DA:9,2
DA:10,2
DA:11,2
DA:14,2
DA:15,2
DA:17,2
DA:19,2
DA:21,2
DA:23,2
DA:25,2
DA:27,2
DA:29,2
LF:19
LH:19
BRF:0
BRH:0
end_of_record
TN:
SF:F:\my dwnld\nodejs-master-class-mosh-hamedani\practicals\108 8.7-Project\8.7- Project\before\vidly\startup\validation.js
FN:4,(anonymous_0)
FNF:1
FNH:1
FNDA:2,(anonymous_0)
DA:2,2
DA:4,2
DA:5,2
LF:3
LH:3
BRF:0
BRH:0
end_of_record
